<?xml version="1.0" encoding="UTF-8"?>
<testsuites tests="738" failures="0" time="1.978">
  <testsuite name="schema_conversion" tests="373" failures="0" time="0.017">
    <testcase classname="schema_conversion" name="table_in_report_tpcds_sf100tcl.call_center" time="0.0" />
    <testcase classname="schema_conversion" name="table_in_report_tpcds_sf100tcl.catalog_page" time="0.0" />
    <testcase classname="schema_conversion" name="table_in_report_tpcds_sf100tcl.catalog_returns" time="0.0" />
    <testcase classname="schema_conversion" name="table_in_report_tpcds_sf100tcl.catalog_sales" time="0.0" />
    <testcase classname="schema_conversion" name="table_in_report_tpcds_sf100tcl.customer" time="0.0" />
    <testcase classname="schema_conversion" name="table_in_report_tpcds_sf100tcl.customer_address" time="0.0" />
    <testcase classname="schema_conversion" name="table_in_report_tpcds_sf100tcl.customer_demographics" time="0.0" />
    <testcase classname="schema_conversion" name="table_in_report_tpcds_sf100tcl.date_dim" time="0.0" />
    <testcase classname="schema_conversion" name="table_in_report_tpcds_sf100tcl.household_demographics" time="0.0" />
    <testcase classname="schema_conversion" name="table_in_report_tpcds_sf100tcl.income_band" time="0.0" />
    <testcase classname="schema_conversion" name="table_in_report_tpcds_sf100tcl.inventory" time="0.0" />
    <testcase classname="schema_conversion" name="table_in_report_tpcds_sf100tcl.item" time="0.0" />
    <testcase classname="schema_conversion" name="table_in_report_tpcds_sf100tcl.promotion" time="0.0" />
    <testcase classname="schema_conversion" name="table_in_report_tpcds_sf100tcl.reason" time="0.0" />
    <testcase classname="schema_conversion" name="table_in_report_tpcds_sf100tcl.ship_mode" time="0.0" />
    <testcase classname="schema_conversion" name="table_in_report_tpcds_sf100tcl.store" time="0.0" />
    <testcase classname="schema_conversion" name="table_in_report_tpcds_sf100tcl.store_returns" time="0.0" />
    <testcase classname="schema_conversion" name="table_in_report_tpcds_sf100tcl.store_sales" time="0.0" />
    <testcase classname="schema_conversion" name="table_in_report_tpcds_sf100tcl.time_dim" time="0.0" />
    <testcase classname="schema_conversion" name="table_in_report_tpcds_sf100tcl.warehouse" time="0.0" />
    <testcase classname="schema_conversion" name="table_in_report_tpcds_sf100tcl.web_page" time="0.0" />
    <testcase classname="schema_conversion" name="table_in_report_tpcds_sf100tcl.web_returns" time="0.0" />
    <testcase classname="schema_conversion" name="table_in_report_tpcds_sf100tcl.web_sales" time="0.0" />
    <testcase classname="schema_conversion" name="table_in_report_tpcds_sf100tcl.web_site" time="0.0" />
    <testcase classname="schema_conversion" name="table_in_report_tpcds_sf10tcl.call_center" time="0.0" />
    <testcase classname="schema_conversion" name="table_in_report_tpcds_sf10tcl.catalog_page" time="0.0" />
    <testcase classname="schema_conversion" name="table_in_report_tpcds_sf10tcl.catalog_returns" time="0.0" />
    <testcase classname="schema_conversion" name="table_in_report_tpcds_sf10tcl.catalog_sales" time="0.0" />
    <testcase classname="schema_conversion" name="table_in_report_tpcds_sf10tcl.customer" time="0.0" />
    <testcase classname="schema_conversion" name="table_in_report_tpcds_sf10tcl.customer_address" time="0.0" />
    <testcase classname="schema_conversion" name="table_in_report_tpcds_sf10tcl.customer_demographics" time="0.0" />
    <testcase classname="schema_conversion" name="table_in_report_tpcds_sf10tcl.date_dim" time="0.0" />
    <testcase classname="schema_conversion" name="table_in_report_tpcds_sf10tcl.household_demographics" time="0.0" />
    <testcase classname="schema_conversion" name="table_in_report_tpcds_sf10tcl.income_band" time="0.0" />
    <testcase classname="schema_conversion" name="table_in_report_tpcds_sf10tcl.inventory" time="0.0" />
    <testcase classname="schema_conversion" name="table_in_report_tpcds_sf10tcl.item" time="0.0" />
    <testcase classname="schema_conversion" name="table_in_report_tpcds_sf10tcl.promotion" time="0.0" />
    <testcase classname="schema_conversion" name="table_in_report_tpcds_sf10tcl.reason" time="0.0" />
    <testcase classname="schema_conversion" name="table_in_report_tpcds_sf10tcl.ship_mode" time="0.0" />
    <testcase classname="schema_conversion" name="table_in_report_tpcds_sf10tcl.store" time="0.0" />
    <testcase classname="schema_conversion" name="table_in_report_tpcds_sf10tcl.store_returns" time="0.0" />
    <testcase classname="schema_conversion" name="table_in_report_tpcds_sf10tcl.store_sales" time="0.0" />
    <testcase classname="schema_conversion" name="table_in_report_tpcds_sf10tcl.time_dim" time="0.0" />
    <testcase classname="schema_conversion" name="table_in_report_tpcds_sf10tcl.warehouse" time="0.0" />
    <testcase classname="schema_conversion" name="table_in_report_tpcds_sf10tcl.web_page" time="0.0" />
    <testcase classname="schema_conversion" name="table_in_report_tpcds_sf10tcl.web_returns" time="0.0" />
    <testcase classname="schema_conversion" name="table_in_report_tpcds_sf10tcl.web_sales" time="0.0" />
    <testcase classname="schema_conversion" name="table_in_report_tpcds_sf10tcl.web_site" time="0.0" />
    <testcase classname="schema_conversion" name="table_in_report_tpch_sf1.customer" time="0.0" />
    <testcase classname="schema_conversion" name="table_in_report_tpch_sf1.lineitem" time="0.0" />
    <testcase classname="schema_conversion" name="table_in_report_tpch_sf1.nation" time="0.0" />
    <testcase classname="schema_conversion" name="table_in_report_tpch_sf1.orders" time="0.0" />
    <testcase classname="schema_conversion" name="table_in_report_tpch_sf1.part" time="0.0" />
    <testcase classname="schema_conversion" name="table_in_report_tpch_sf1.partsupp" time="0.0" />
    <testcase classname="schema_conversion" name="table_in_report_tpch_sf1.region" time="0.0" />
    <testcase classname="schema_conversion" name="table_in_report_tpch_sf1.supplier" time="0.0" />
    <testcase classname="schema_conversion" name="table_in_report_tpch_sf10.customer" time="0.0" />
    <testcase classname="schema_conversion" name="table_in_report_tpch_sf10.lineitem" time="0.0" />
    <testcase classname="schema_conversion" name="table_in_report_tpch_sf10.nation" time="0.0" />
    <testcase classname="schema_conversion" name="table_in_report_tpch_sf10.orders" time="0.0" />
    <testcase classname="schema_conversion" name="table_in_report_tpch_sf10.part" time="0.0" />
    <testcase classname="schema_conversion" name="table_in_report_tpch_sf10.partsupp" time="0.0" />
    <testcase classname="schema_conversion" name="table_in_report_tpch_sf10.region" time="0.0" />
    <testcase classname="schema_conversion" name="table_in_report_tpch_sf10.supplier" time="0.0" />
    <testcase classname="schema_conversion" name="table_in_report_tpch_sf100.customer" time="0.0" />
    <testcase classname="schema_conversion" name="table_in_report_tpch_sf100.lineitem" time="0.0" />
    <testcase classname="schema_conversion" name="table_in_report_tpch_sf100.nation" time="0.0" />
    <testcase classname="schema_conversion" name="table_in_report_tpch_sf100.orders" time="0.0" />
    <testcase classname="schema_conversion" name="table_in_report_tpch_sf100.part" time="0.0" />
    <testcase classname="schema_conversion" name="table_in_report_tpch_sf100.partsupp" time="0.0" />
    <testcase classname="schema_conversion" name="table_in_report_tpch_sf100.region" time="0.0" />
    <testcase classname="schema_conversion" name="table_in_report_tpch_sf100.supplier" time="0.0" />
    <testcase classname="schema_conversion" name="table_in_report_tpch_sf1000.customer" time="0.0" />
    <testcase classname="schema_conversion" name="table_in_report_tpch_sf1000.lineitem" time="0.0" />
    <testcase classname="schema_conversion" name="table_in_report_tpch_sf1000.nation" time="0.0" />
    <testcase classname="schema_conversion" name="table_in_report_tpch_sf1000.orders" time="0.0" />
    <testcase classname="schema_conversion" name="table_in_report_tpch_sf1000.part" time="0.0" />
    <testcase classname="schema_conversion" name="table_in_report_tpch_sf1000.partsupp" time="0.0" />
    <testcase classname="schema_conversion" name="table_in_report_tpch_sf1000.region" time="0.0" />
    <testcase classname="schema_conversion" name="table_in_report_tpch_sf1000.supplier" time="0.0" />
    <testcase classname="schema_conversion" name="file_exists_tpcds_sf100tcl.call_center" time="0.001" />
    <testcase classname="schema_conversion" name="file_exists_tpcds_sf100tcl.catalog_page" time="0.0" />
    <testcase classname="schema_conversion" name="file_exists_tpcds_sf100tcl.catalog_returns" time="0.0" />
    <testcase classname="schema_conversion" name="file_exists_tpcds_sf100tcl.catalog_sales" time="0.0" />
    <testcase classname="schema_conversion" name="file_exists_tpcds_sf100tcl.customer" time="0.0" />
    <testcase classname="schema_conversion" name="file_exists_tpcds_sf100tcl.customer_address" time="0.0" />
    <testcase classname="schema_conversion" name="file_exists_tpcds_sf100tcl.customer_demographics" time="0.0" />
    <testcase classname="schema_conversion" name="file_exists_tpcds_sf100tcl.date_dim" time="0.0" />
    <testcase classname="schema_conversion" name="file_exists_tpcds_sf100tcl.household_demographics" time="0.0" />
    <testcase classname="schema_conversion" name="file_exists_tpcds_sf100tcl.income_band" time="0.001" />
    <testcase classname="schema_conversion" name="file_exists_tpcds_sf100tcl.inventory" time="0.0" />
    <testcase classname="schema_conversion" name="file_exists_tpcds_sf100tcl.item" time="0.0" />
    <testcase classname="schema_conversion" name="file_exists_tpcds_sf100tcl.promotion" time="0.0" />
    <testcase classname="schema_conversion" name="file_exists_tpcds_sf100tcl.reason" time="0.0" />
    <testcase classname="schema_conversion" name="file_exists_tpcds_sf100tcl.ship_mode" time="0.0" />
    <testcase classname="schema_conversion" name="file_exists_tpcds_sf100tcl.store" time="0.0" />
    <testcase classname="schema_conversion" name="file_exists_tpcds_sf100tcl.store_returns" time="0.0" />
    <testcase classname="schema_conversion" name="file_exists_tpcds_sf100tcl.store_sales" time="0.0" />
    <testcase classname="schema_conversion" name="file_exists_tpcds_sf100tcl.time_dim" time="0.0" />
    <testcase classname="schema_conversion" name="file_exists_tpcds_sf100tcl.warehouse" time="0.0" />
    <testcase classname="schema_conversion" name="file_exists_tpcds_sf100tcl.web_page" time="0.001" />
    <testcase classname="schema_conversion" name="file_exists_tpcds_sf100tcl.web_returns" time="0.0" />
    <testcase classname="schema_conversion" name="file_exists_tpcds_sf100tcl.web_sales" time="0.0" />
    <testcase classname="schema_conversion" name="file_exists_tpcds_sf100tcl.web_site" time="0.0" />
    <testcase classname="schema_conversion" name="file_exists_tpcds_sf10tcl.call_center" time="0.0" />
    <testcase classname="schema_conversion" name="file_exists_tpcds_sf10tcl.catalog_page" time="0.0" />
    <testcase classname="schema_conversion" name="file_exists_tpcds_sf10tcl.catalog_returns" time="0.0" />
    <testcase classname="schema_conversion" name="file_exists_tpcds_sf10tcl.catalog_sales" time="0.0" />
    <testcase classname="schema_conversion" name="file_exists_tpcds_sf10tcl.customer" time="0.0" />
    <testcase classname="schema_conversion" name="file_exists_tpcds_sf10tcl.customer_address" time="0.0" />
    <testcase classname="schema_conversion" name="file_exists_tpcds_sf10tcl.customer_demographics" time="0.0" />
    <testcase classname="schema_conversion" name="file_exists_tpcds_sf10tcl.date_dim" time="0.001" />
    <testcase classname="schema_conversion" name="file_exists_tpcds_sf10tcl.household_demographics" time="0.0" />
    <testcase classname="schema_conversion" name="file_exists_tpcds_sf10tcl.income_band" time="0.0" />
    <testcase classname="schema_conversion" name="file_exists_tpcds_sf10tcl.inventory" time="0.0" />
    <testcase classname="schema_conversion" name="file_exists_tpcds_sf10tcl.item" time="0.0" />
    <testcase classname="schema_conversion" name="file_exists_tpcds_sf10tcl.promotion" time="0.0" />
    <testcase classname="schema_conversion" name="file_exists_tpcds_sf10tcl.reason" time="0.0" />
    <testcase classname="schema_conversion" name="file_exists_tpcds_sf10tcl.ship_mode" time="0.0" />
    <testcase classname="schema_conversion" name="file_exists_tpcds_sf10tcl.store" time="0.0" />
    <testcase classname="schema_conversion" name="file_exists_tpcds_sf10tcl.store_returns" time="0.0" />
    <testcase classname="schema_conversion" name="file_exists_tpcds_sf10tcl.store_sales" time="0.0" />
    <testcase classname="schema_conversion" name="file_exists_tpcds_sf10tcl.time_dim" time="0.001" />
    <testcase classname="schema_conversion" name="file_exists_tpcds_sf10tcl.warehouse" time="0.0" />
    <testcase classname="schema_conversion" name="file_exists_tpcds_sf10tcl.web_page" time="0.0" />
    <testcase classname="schema_conversion" name="file_exists_tpcds_sf10tcl.web_returns" time="0.0" />
    <testcase classname="schema_conversion" name="file_exists_tpcds_sf10tcl.web_sales" time="0.0" />
    <testcase classname="schema_conversion" name="file_exists_tpcds_sf10tcl.web_site" time="0.0" />
    <testcase classname="schema_conversion" name="file_exists_tpch_sf1.customer" time="0.0" />
    <testcase classname="schema_conversion" name="file_exists_tpch_sf1.lineitem" time="0.0" />
    <testcase classname="schema_conversion" name="file_exists_tpch_sf1.nation" time="0.0" />
    <testcase classname="schema_conversion" name="file_exists_tpch_sf1.orders" time="0.0" />
    <testcase classname="schema_conversion" name="file_exists_tpch_sf1.part" time="0.0" />
    <testcase classname="schema_conversion" name="file_exists_tpch_sf1.partsupp" time="0.001" />
    <testcase classname="schema_conversion" name="file_exists_tpch_sf1.region" time="0.0" />
    <testcase classname="schema_conversion" name="file_exists_tpch_sf1.supplier" time="0.0" />
    <testcase classname="schema_conversion" name="file_exists_tpch_sf10.customer" time="0.0" />
    <testcase classname="schema_conversion" name="file_exists_tpch_sf10.lineitem" time="0.0" />
    <testcase classname="schema_conversion" name="file_exists_tpch_sf10.nation" time="0.0" />
    <testcase classname="schema_conversion" name="file_exists_tpch_sf10.orders" time="0.0" />
    <testcase classname="schema_conversion" name="file_exists_tpch_sf10.part" time="0.0" />
    <testcase classname="schema_conversion" name="file_exists_tpch_sf10.partsupp" time="0.0" />
    <testcase classname="schema_conversion" name="file_exists_tpch_sf10.region" time="0.0" />
    <testcase classname="schema_conversion" name="file_exists_tpch_sf10.supplier" time="0.0" />
    <testcase classname="schema_conversion" name="file_exists_tpch_sf100.customer" time="0.001" />
    <testcase classname="schema_conversion" name="file_exists_tpch_sf100.lineitem" time="0.0" />
    <testcase classname="schema_conversion" name="file_exists_tpch_sf100.nation" time="0.0" />
    <testcase classname="schema_conversion" name="file_exists_tpch_sf100.orders" time="0.0" />
    <testcase classname="schema_conversion" name="file_exists_tpch_sf100.part" time="0.0" />
    <testcase classname="schema_conversion" name="file_exists_tpch_sf100.partsupp" time="0.0" />
    <testcase classname="schema_conversion" name="file_exists_tpch_sf100.region" time="0.0" />
    <testcase classname="schema_conversion" name="file_exists_tpch_sf100.supplier" time="0.0" />
    <testcase classname="schema_conversion" name="file_exists_tpch_sf1000.customer" time="0.0" />
    <testcase classname="schema_conversion" name="file_exists_tpch_sf1000.lineitem" time="0.0" />
    <testcase classname="schema_conversion" name="file_exists_tpch_sf1000.nation" time="0.0" />
    <testcase classname="schema_conversion" name="file_exists_tpch_sf1000.orders" time="0.001" />
    <testcase classname="schema_conversion" name="file_exists_tpch_sf1000.part" time="0.0" />
    <testcase classname="schema_conversion" name="file_exists_tpch_sf1000.partsupp" time="0.0" />
    <testcase classname="schema_conversion" name="file_exists_tpch_sf1000.region" time="0.0" />
    <testcase classname="schema_conversion" name="file_exists_tpch_sf1000.supplier" time="0.0" />
    <testcase classname="schema_conversion" name="no_redshift_keywords_analytics_ab_test_results.sql" time="0.0" />
    <testcase classname="schema_conversion" name="no_redshift_keywords_analytics_funnel_events.sql" time="0.0" />
    <testcase classname="schema_conversion" name="no_redshift_keywords_analytics_page_views.sql" time="0.0" />
    <testcase classname="schema_conversion" name="no_redshift_keywords_analytics_sessions.sql" time="0.0" />
    <testcase classname="schema_conversion" name="no_redshift_keywords_analytics_user_segments.sql" time="0.0" />
    <testcase classname="schema_conversion" name="no_redshift_keywords_finance_exchange_rates.sql" time="0.0" />
    <testcase classname="schema_conversion" name="no_redshift_keywords_finance_invoices.sql" time="0.0" />
    <testcase classname="schema_conversion" name="no_redshift_keywords_finance_ledger_entries.sql" time="0.0" />
    <testcase classname="schema_conversion" name="no_redshift_keywords_finance_payments.sql" time="0.0" />
    <testcase classname="schema_conversion" name="no_redshift_keywords_finance_refunds.sql" time="0.0" />
    <testcase classname="schema_conversion" name="no_redshift_keywords_marketing_ad_impressions.sql" time="0.0" />
    <testcase classname="schema_conversion" name="no_redshift_keywords_marketing_attribution_touches.sql" time="0.0" />
    <testcase classname="schema_conversion" name="no_redshift_keywords_marketing_campaigns.sql" time="0.0" />
    <testcase classname="schema_conversion" name="no_redshift_keywords_marketing_conversions.sql" time="0.0" />
    <testcase classname="schema_conversion" name="no_redshift_keywords_marketing_email_sends.sql" time="0.0" />
    <testcase classname="schema_conversion" name="no_redshift_keywords_marketing_v_campaign_performance.sql" time="0.0" />
    <testcase classname="schema_conversion" name="no_redshift_keywords_public_categories.sql" time="0.0" />
    <testcase classname="schema_conversion" name="no_redshift_keywords_public_customers.sql" time="0.0" />
    <testcase classname="schema_conversion" name="no_redshift_keywords_public_orders.sql" time="0.0" />
    <testcase classname="schema_conversion" name="no_redshift_keywords_public_order_items.sql" time="0.0" />
    <testcase classname="schema_conversion" name="no_redshift_keywords_public_products.sql" time="0.0" />
    <testcase classname="schema_conversion" name="no_redshift_keywords_public_v_active_customers.sql" time="0.0" />
    <testcase classname="schema_conversion" name="no_redshift_keywords_public_v_order_summary.sql" time="0.0" />
    <testcase classname="schema_conversion" name="no_redshift_keywords_staging_stg_clickstream.sql" time="0.0" />
    <testcase classname="schema_conversion" name="no_redshift_keywords_staging_stg_customers_raw.sql" time="0.0" />
    <testcase classname="schema_conversion" name="no_redshift_keywords_staging_stg_orders_raw.sql" time="0.0" />
    <testcase classname="schema_conversion" name="no_redshift_keywords_staging_stg_products_raw.sql" time="0.0" />
    <testcase classname="schema_conversion" name="no_redshift_keywords_staging_stg_transactions_raw.sql" time="0.0" />
    <testcase classname="schema_conversion" name="no_redshift_keywords_tpcds_sf100tcl_call_center.sql" time="0.0" />
    <testcase classname="schema_conversion" name="no_redshift_keywords_tpcds_sf100tcl_catalog_page.sql" time="0.0" />
    <testcase classname="schema_conversion" name="no_redshift_keywords_tpcds_sf100tcl_catalog_returns.sql" time="0.0" />
    <testcase classname="schema_conversion" name="no_redshift_keywords_tpcds_sf100tcl_catalog_sales.sql" time="0.0" />
    <testcase classname="schema_conversion" name="no_redshift_keywords_tpcds_sf100tcl_customer.sql" time="0.0" />
    <testcase classname="schema_conversion" name="no_redshift_keywords_tpcds_sf100tcl_customer_address.sql" time="0.001" />
    <testcase classname="schema_conversion" name="no_redshift_keywords_tpcds_sf100tcl_customer_demographics.sql" time="0.0" />
    <testcase classname="schema_conversion" name="no_redshift_keywords_tpcds_sf100tcl_date_dim.sql" time="0.0" />
    <testcase classname="schema_conversion" name="no_redshift_keywords_tpcds_sf100tcl_household_demographics.sql" time="0.0" />
    <testcase classname="schema_conversion" name="no_redshift_keywords_tpcds_sf100tcl_income_band.sql" time="0.0" />
    <testcase classname="schema_conversion" name="no_redshift_keywords_tpcds_sf100tcl_inventory.sql" time="0.0" />
    <testcase classname="schema_conversion" name="no_redshift_keywords_tpcds_sf100tcl_item.sql" time="0.0" />
    <testcase classname="schema_conversion" name="no_redshift_keywords_tpcds_sf100tcl_promotion.sql" time="0.0" />
    <testcase classname="schema_conversion" name="no_redshift_keywords_tpcds_sf100tcl_reason.sql" time="0.0" />
    <testcase classname="schema_conversion" name="no_redshift_keywords_tpcds_sf100tcl_ship_mode.sql" time="0.001" />
    <testcase classname="schema_conversion" name="no_redshift_keywords_tpcds_sf100tcl_store.sql" time="0.0" />
    <testcase classname="schema_conversion" name="no_redshift_keywords_tpcds_sf100tcl_store_returns.sql" time="0.0" />
    <testcase classname="schema_conversion" name="no_redshift_keywords_tpcds_sf100tcl_store_sales.sql" time="0.0" />
    <testcase classname="schema_conversion" name="no_redshift_keywords_tpcds_sf100tcl_time_dim.sql" time="0.0" />
    <testcase classname="schema_conversion" name="no_redshift_keywords_tpcds_sf100tcl_warehouse.sql" time="0.0" />
    <testcase classname="schema_conversion" name="no_redshift_keywords_tpcds_sf100tcl_web_page.sql" time="0.0" />
    <testcase classname="schema_conversion" name="no_redshift_keywords_tpcds_sf100tcl_web_returns.sql" time="0.0" />
    <testcase classname="schema_conversion" name="no_redshift_keywords_tpcds_sf100tcl_web_sales.sql" time="0.001" />
    <testcase classname="schema_conversion" name="no_redshift_keywords_tpcds_sf100tcl_web_site.sql" time="0.001" />
    <testcase classname="schema_conversion" name="no_redshift_keywords_tpcds_sf10tcl_call_center.sql" time="0.0" />
    <testcase classname="schema_conversion" name="no_redshift_keywords_tpcds_sf10tcl_catalog_page.sql" time="0.0" />
    <testcase classname="schema_conversion" name="no_redshift_keywords_tpcds_sf10tcl_catalog_returns.sql" time="0.0" />
    <testcase classname="schema_conversion" name="no_redshift_keywords_tpcds_sf10tcl_catalog_sales.sql" time="0.0004" />
    <testcase classname="schema_conversion" name="no_redshift_keywords_tpcds_sf10tcl_customer.sql" time="0.0" />
    <testcase classname="schema_conversion" name="no_redshift_keywords_tpcds_sf10tcl_customer_address.sql" time="0.0" />
    <testcase classname="schema_conversion" name="no_redshift_keywords_tpcds_sf10tcl_customer_demographics.sql" time="0.001" />
    <testcase classname="schema_conversion" name="no_redshift_keywords_tpcds_sf10tcl_date_dim.sql" time="0.001" />
    <testcase classname="schema_conversion" name="no_redshift_keywords_tpcds_sf10tcl_household_demographics.sql" time="0.0" />
    <testcase classname="schema_conversion" name="no_redshift_keywords_tpcds_sf10tcl_income_band.sql" time="0.0" />
    <testcase classname="schema_conversion" name="no_redshift_keywords_tpcds_sf10tcl_inventory.sql" time="0.0" />
    <testcase classname="schema_conversion" name="no_redshift_keywords_tpcds_sf10tcl_item.sql" time="0.0" />
    <testcase classname="schema_conversion" name="no_redshift_keywords_tpcds_sf10tcl_promotion.sql" time="0.0" />
    <testcase classname="schema_conversion" name="no_redshift_keywords_tpcds_sf10tcl_reason.sql" time="0.0" />
    <testcase classname="schema_conversion" name="no_redshift_keywords_tpcds_sf10tcl_ship_mode.sql" time="0.0" />
    <testcase classname="schema_conversion" name="no_redshift_keywords_tpcds_sf10tcl_store.sql" time="0.0" />
    <testcase classname="schema_conversion" name="no_redshift_keywords_tpcds_sf10tcl_store_returns.sql" time="0.0" />
    <testcase classname="schema_conversion" name="no_redshift_keywords_tpcds_sf10tcl_store_sales.sql" time="0.0" />
    <testcase classname="schema_conversion" name="no_redshift_keywords_tpcds_sf10tcl_time_dim.sql" time="0.0" />
    <testcase classname="schema_conversion" name="no_redshift_keywords_tpcds_sf10tcl_warehouse.sql" time="0.0" />
    <testcase classname="schema_conversion" name="no_redshift_keywords_tpcds_sf10tcl_web_page.sql" time="0.0" />
    <testcase classname="schema_conversion" name="no_redshift_keywords_tpcds_sf10tcl_web_returns.sql" time="0.001" />
    <testcase classname="schema_conversion" name="no_redshift_keywords_tpcds_sf10tcl_web_sales.sql" time="0.0" />
    <testcase classname="schema_conversion" name="no_redshift_keywords_tpcds_sf10tcl_web_site.sql" time="0.0" />
    <testcase classname="schema_conversion" name="no_redshift_keywords_tpch_sf1000_customer.sql" time="0.0" />
    <testcase classname="schema_conversion" name="no_redshift_keywords_tpch_sf1000_lineitem.sql" time="0.0" />
    <testcase classname="schema_conversion" name="no_redshift_keywords_tpch_sf1000_nation.sql" time="0.001" />
    <testcase classname="schema_conversion" name="no_redshift_keywords_tpch_sf1000_orders.sql" time="0.0" />
    <testcase classname="schema_conversion" name="no_redshift_keywords_tpch_sf1000_part.sql" time="0.0" />
    <testcase classname="schema_conversion" name="no_redshift_keywords_tpch_sf1000_partsupp.sql" time="0.0" />
    <testcase classname="schema_conversion" name="no_redshift_keywords_tpch_sf1000_region.sql" time="0.0" />
    <testcase classname="schema_conversion" name="no_redshift_keywords_tpch_sf1000_supplier.sql" time="0.0" />
    <testcase classname="schema_conversion" name="no_redshift_keywords_tpch_sf100_customer.sql" time="0.0" />
    <testcase classname="schema_conversion" name="no_redshift_keywords_tpch_sf100_lineitem.sql" time="0.0" />
    <testcase classname="schema_conversion" name="no_redshift_keywords_tpch_sf100_nation.sql" time="0.0" />
    <testcase classname="schema_conversion" name="no_redshift_keywords_tpch_sf100_orders.sql" time="0.0" />
    <testcase classname="schema_conversion" name="no_redshift_keywords_tpch_sf100_part.sql" time="0.0" />
    <testcase classname="schema_conversion" name="no_redshift_keywords_tpch_sf100_partsupp.sql" time="0.0" />
    <testcase classname="schema_conversion" name="no_redshift_keywords_tpch_sf100_region.sql" time="0.0" />
    <testcase classname="schema_conversion" name="no_redshift_keywords_tpch_sf100_supplier.sql" time="0.0" />
    <testcase classname="schema_conversion" name="no_redshift_keywords_tpch_sf10_customer.sql" time="0.0" />
    <testcase classname="schema_conversion" name="no_redshift_keywords_tpch_sf10_lineitem.sql" time="0.0" />
    <testcase classname="schema_conversion" name="no_redshift_keywords_tpch_sf10_nation.sql" time="0.0" />
    <testcase classname="schema_conversion" name="no_redshift_keywords_tpch_sf10_orders.sql" time="0.0" />
    <testcase classname="schema_conversion" name="no_redshift_keywords_tpch_sf10_part.sql" time="0.001" />
    <testcase classname="schema_conversion" name="no_redshift_keywords_tpch_sf10_partsupp.sql" time="0.0" />
    <testcase classname="schema_conversion" name="no_redshift_keywords_tpch_sf10_region.sql" time="0.0" />
    <testcase classname="schema_conversion" name="no_redshift_keywords_tpch_sf10_supplier.sql" time="0.0" />
    <testcase classname="schema_conversion" name="no_redshift_keywords_tpch_sf1_customer.sql" time="0.0" />
    <testcase classname="schema_conversion" name="no_redshift_keywords_tpch_sf1_lineitem.sql" time="0.0" />
    <testcase classname="schema_conversion" name="no_redshift_keywords_tpch_sf1_nation.sql" time="0.0" />
    <testcase classname="schema_conversion" name="no_redshift_keywords_tpch_sf1_orders.sql" time="0.0" />
    <testcase classname="schema_conversion" name="no_redshift_keywords_tpch_sf1_part.sql" time="0.0" />
    <testcase classname="schema_conversion" name="no_redshift_keywords_tpch_sf1_partsupp.sql" time="0.0" />
    <testcase classname="schema_conversion" name="no_redshift_keywords_tpch_sf1_region.sql" time="0.0" />
    <testcase classname="schema_conversion" name="no_redshift_keywords_tpch_sf1_supplier.sql" time="0.0" />
    <testcase classname="schema_conversion" name="using_delta_analytics_ab_test_results.sql" time="0.0" />
    <testcase classname="schema_conversion" name="using_delta_analytics_funnel_events.sql" time="0.0" />
    <testcase classname="schema_conversion" name="using_delta_analytics_page_views.sql" time="0.0" />
    <testcase classname="schema_conversion" name="using_delta_analytics_sessions.sql" time="0.0" />
    <testcase classname="schema_conversion" name="using_delta_analytics_user_segments.sql" time="0.0" />
    <testcase classname="schema_conversion" name="using_delta_finance_exchange_rates.sql" time="0.0" />
    <testcase classname="schema_conversion" name="using_delta_finance_invoices.sql" time="0.0" />
    <testcase classname="schema_conversion" name="using_delta_finance_ledger_entries.sql" time="0.0" />
    <testcase classname="schema_conversion" name="using_delta_finance_payments.sql" time="0.0" />
    <testcase classname="schema_conversion" name="using_delta_finance_refunds.sql" time="0.0" />
    <testcase classname="schema_conversion" name="using_delta_marketing_ad_impressions.sql" time="0.0" />
    <testcase classname="schema_conversion" name="using_delta_marketing_attribution_touches.sql" time="0.0" />
    <testcase classname="schema_conversion" name="using_delta_marketing_campaigns.sql" time="0.0" />
    <testcase classname="schema_conversion" name="using_delta_marketing_conversions.sql" time="0.0" />
    <testcase classname="schema_conversion" name="using_delta_marketing_email_sends.sql" time="0.0" />
    <testcase classname="schema_conversion" name="using_delta_public_categories.sql" time="0.0" />
    <testcase classname="schema_conversion" name="using_delta_public_customers.sql" time="0.0" />
    <testcase classname="schema_conversion" name="using_delta_public_orders.sql" time="0.0" />
    <testcase classname="schema_conversion" name="using_delta_public_order_items.sql" time="0.0" />
    <testcase classname="schema_conversion" name="using_delta_public_products.sql" time="0.0" />
    <testcase classname="schema_conversion" name="using_delta_staging_stg_clickstream.sql" time="0.0" />
    <testcase classname="schema_conversion" name="using_delta_staging_stg_customers_raw.sql" time="0.0" />
    <testcase classname="schema_conversion" name="using_delta_staging_stg_orders_raw.sql" time="0.0" />
    <testcase classname="schema_conversion" name="using_delta_staging_stg_products_raw.sql" time="0.0" />
    <testcase classname="schema_conversion" name="using_delta_staging_stg_transactions_raw.sql" time="0.0" />
    <testcase classname="schema_conversion" name="using_delta_tpcds_sf100tcl_call_center.sql" time="0.0" />
    <testcase classname="schema_conversion" name="using_delta_tpcds_sf100tcl_catalog_page.sql" time="0.0" />
    <testcase classname="schema_conversion" name="using_delta_tpcds_sf100tcl_catalog_returns.sql" time="0.0" />
    <testcase classname="schema_conversion" name="using_delta_tpcds_sf100tcl_catalog_sales.sql" time="0.0" />
    <testcase classname="schema_conversion" name="using_delta_tpcds_sf100tcl_customer.sql" time="0.0" />
    <testcase classname="schema_conversion" name="using_delta_tpcds_sf100tcl_customer_address.sql" time="0.0" />
    <testcase classname="schema_conversion" name="using_delta_tpcds_sf100tcl_customer_demographics.sql" time="0.0" />
    <testcase classname="schema_conversion" name="using_delta_tpcds_sf100tcl_date_dim.sql" time="0.0" />
    <testcase classname="schema_conversion" name="using_delta_tpcds_sf100tcl_household_demographics.sql" time="0.0" />
    <testcase classname="schema_conversion" name="using_delta_tpcds_sf100tcl_income_band.sql" time="0.0" />
    <testcase classname="schema_conversion" name="using_delta_tpcds_sf100tcl_inventory.sql" time="0.0" />
    <testcase classname="schema_conversion" name="using_delta_tpcds_sf100tcl_item.sql" time="0.0" />
    <testcase classname="schema_conversion" name="using_delta_tpcds_sf100tcl_promotion.sql" time="0.0" />
    <testcase classname="schema_conversion" name="using_delta_tpcds_sf100tcl_reason.sql" time="0.0" />
    <testcase classname="schema_conversion" name="using_delta_tpcds_sf100tcl_ship_mode.sql" time="0.0" />
    <testcase classname="schema_conversion" name="using_delta_tpcds_sf100tcl_store.sql" time="0.0" />
    <testcase classname="schema_conversion" name="using_delta_tpcds_sf100tcl_store_returns.sql" time="0.0" />
    <testcase classname="schema_conversion" name="using_delta_tpcds_sf100tcl_store_sales.sql" time="0.0" />
    <testcase classname="schema_conversion" name="using_delta_tpcds_sf100tcl_time_dim.sql" time="0.0" />
    <testcase classname="schema_conversion" name="using_delta_tpcds_sf100tcl_warehouse.sql" time="0.0" />
    <testcase classname="schema_conversion" name="using_delta_tpcds_sf100tcl_web_page.sql" time="0.0" />
    <testcase classname="schema_conversion" name="using_delta_tpcds_sf100tcl_web_returns.sql" time="0.0" />
    <testcase classname="schema_conversion" name="using_delta_tpcds_sf100tcl_web_sales.sql" time="0.0" />
    <testcase classname="schema_conversion" name="using_delta_tpcds_sf100tcl_web_site.sql" time="0.0" />
    <testcase classname="schema_conversion" name="using_delta_tpcds_sf10tcl_call_center.sql" time="0.0" />
    <testcase classname="schema_conversion" name="using_delta_tpcds_sf10tcl_catalog_page.sql" time="0.0" />
    <testcase classname="schema_conversion" name="using_delta_tpcds_sf10tcl_catalog_returns.sql" time="0.0" />
    <testcase classname="schema_conversion" name="using_delta_tpcds_sf10tcl_catalog_sales.sql" time="0.0" />
    <testcase classname="schema_conversion" name="using_delta_tpcds_sf10tcl_customer.sql" time="0.0" />
    <testcase classname="schema_conversion" name="using_delta_tpcds_sf10tcl_customer_address.sql" time="0.0" />
    <testcase classname="schema_conversion" name="using_delta_tpcds_sf10tcl_customer_demographics.sql" time="0.0" />
    <testcase classname="schema_conversion" name="using_delta_tpcds_sf10tcl_date_dim.sql" time="0.0" />
    <testcase classname="schema_conversion" name="using_delta_tpcds_sf10tcl_household_demographics.sql" time="0.0" />
    <testcase classname="schema_conversion" name="using_delta_tpcds_sf10tcl_income_band.sql" time="0.0" />
    <testcase classname="schema_conversion" name="using_delta_tpcds_sf10tcl_inventory.sql" time="0.0" />
    <testcase classname="schema_conversion" name="using_delta_tpcds_sf10tcl_item.sql" time="0.0" />
    <testcase classname="schema_conversion" name="using_delta_tpcds_sf10tcl_promotion.sql" time="0.0" />
    <testcase classname="schema_conversion" name="using_delta_tpcds_sf10tcl_reason.sql" time="0.0" />
    <testcase classname="schema_conversion" name="using_delta_tpcds_sf10tcl_ship_mode.sql" time="0.0" />
    <testcase classname="schema_conversion" name="using_delta_tpcds_sf10tcl_store.sql" time="0.0" />
    <testcase classname="schema_conversion" name="using_delta_tpcds_sf10tcl_store_returns.sql" time="0.0" />
    <testcase classname="schema_conversion" name="using_delta_tpcds_sf10tcl_store_sales.sql" time="0.0" />
    <testcase classname="schema_conversion" name="using_delta_tpcds_sf10tcl_time_dim.sql" time="0.0" />
    <testcase classname="schema_conversion" name="using_delta_tpcds_sf10tcl_warehouse.sql" time="0.0" />
    <testcase classname="schema_conversion" name="using_delta_tpcds_sf10tcl_web_page.sql" time="0.0" />
    <testcase classname="schema_conversion" name="using_delta_tpcds_sf10tcl_web_returns.sql" time="0.0" />
    <testcase classname="schema_conversion" name="using_delta_tpcds_sf10tcl_web_sales.sql" time="0.0" />
    <testcase classname="schema_conversion" name="using_delta_tpcds_sf10tcl_web_site.sql" time="0.0" />
    <testcase classname="schema_conversion" name="using_delta_tpch_sf1000_customer.sql" time="0.0" />
    <testcase classname="schema_conversion" name="using_delta_tpch_sf1000_lineitem.sql" time="0.0" />
    <testcase classname="schema_conversion" name="using_delta_tpch_sf1000_nation.sql" time="0.0" />
    <testcase classname="schema_conversion" name="using_delta_tpch_sf1000_orders.sql" time="0.0" />
    <testcase classname="schema_conversion" name="using_delta_tpch_sf1000_part.sql" time="0.0" />
    <testcase classname="schema_conversion" name="using_delta_tpch_sf1000_partsupp.sql" time="0.0" />
    <testcase classname="schema_conversion" name="using_delta_tpch_sf1000_region.sql" time="0.0" />
    <testcase classname="schema_conversion" name="using_delta_tpch_sf1000_supplier.sql" time="0.0" />
    <testcase classname="schema_conversion" name="using_delta_tpch_sf100_customer.sql" time="0.0" />
    <testcase classname="schema_conversion" name="using_delta_tpch_sf100_lineitem.sql" time="0.0" />
    <testcase classname="schema_conversion" name="using_delta_tpch_sf100_nation.sql" time="0.0" />
    <testcase classname="schema_conversion" name="using_delta_tpch_sf100_orders.sql" time="0.0" />
    <testcase classname="schema_conversion" name="using_delta_tpch_sf100_part.sql" time="0.0" />
    <testcase classname="schema_conversion" name="using_delta_tpch_sf100_partsupp.sql" time="0.0" />
    <testcase classname="schema_conversion" name="using_delta_tpch_sf100_region.sql" time="0.0" />
    <testcase classname="schema_conversion" name="using_delta_tpch_sf100_supplier.sql" time="0.0" />
    <testcase classname="schema_conversion" name="using_delta_tpch_sf10_customer.sql" time="0.0" />
    <testcase classname="schema_conversion" name="using_delta_tpch_sf10_lineitem.sql" time="0.0" />
    <testcase classname="schema_conversion" name="using_delta_tpch_sf10_nation.sql" time="0.0" />
    <testcase classname="schema_conversion" name="using_delta_tpch_sf10_orders.sql" time="0.0" />
    <testcase classname="schema_conversion" name="using_delta_tpch_sf10_part.sql" time="0.0" />
    <testcase classname="schema_conversion" name="using_delta_tpch_sf10_partsupp.sql" time="0.0" />
    <testcase classname="schema_conversion" name="using_delta_tpch_sf10_region.sql" time="0.0" />
    <testcase classname="schema_conversion" name="using_delta_tpch_sf10_supplier.sql" time="0.0" />
    <testcase classname="schema_conversion" name="using_delta_tpch_sf1_customer.sql" time="0.0" />
    <testcase classname="schema_conversion" name="using_delta_tpch_sf1_lineitem.sql" time="0.0" />
    <testcase classname="schema_conversion" name="using_delta_tpch_sf1_nation.sql" time="0.0" />
    <testcase classname="schema_conversion" name="using_delta_tpch_sf1_orders.sql" time="0.0" />
    <testcase classname="schema_conversion" name="using_delta_tpch_sf1_part.sql" time="0.0" />
    <testcase classname="schema_conversion" name="using_delta_tpch_sf1_partsupp.sql" time="0.0" />
    <testcase classname="schema_conversion" name="using_delta_tpch_sf1_region.sql" time="0.0" />
    <testcase classname="schema_conversion" name="using_delta_tpch_sf1_supplier.sql" time="0.0" />
  </testsuite>
  <testsuite name="sql_translation" tests="17" failures="0" time="0.007">
    <testcase classname="sql_translation" name="rule_nvl_to_coalesce" time="0.005" />
    <testcase classname="sql_translation" name="rule_getdate_to_current_timestamp" time="0.0" />
    <testcase classname="sql_translation" name="rule_len_to_length" time="0.0" />
    <testcase classname="sql_translation" name="rule_charindex_to_locate" time="0.0" />
    <testcase classname="sql_translation" name="rule_varchar_removal" time="0.001" />
    <testcase classname="sql_translation" name="rule_identity_rewrite" time="0.0" />
    <testcase classname="sql_translation" name="rule_dateadd_rewrite" time="0.0" />
    <testcase classname="sql_translation" name="rule_date_part_to_extract" time="0.0" />
    <testcase classname="sql_translation" name="rule_random_to_rand" time="0.0" />
    <testcase classname="sql_translation" name="rule_numeric_to_decimal" time="0.0" />
    <testcase classname="sql_translation" name="rule_sysdate_rewrite" time="0.0" />
    <testcase classname="sql_translation" name="rule_double_colon_cast" time="0.0" />
    <testcase classname="sql_translation" name="rule_hashtext_to_hash" time="0.0" />
    <testcase classname="sql_translation" name="auto_convert_simple" time="0.0" />
    <testcase classname="sql_translation" name="warnings_on_listagg" time="0.0" />
    <testcase classname="sql_translation" name="diff_generated" time="0.001" />
    <testcase classname="sql_translation" name="idempotent_output" time="0.0" />
  </testsuite>
  <testsuite name="data_parity" tests="320" failures="0" time="1.943">
    <testcase classname="data_parity" name="parquet_exists_tpcds_sf100tcl.call_center" time="0.001" />
    <testcase classname="data_parity" name="row_count_tpcds_sf100tcl.call_center" time="0.006" />
    <testcase classname="data_parity" name="columns_present_tpcds_sf100tcl.call_center" time="0.007" />
    <testcase classname="data_parity" name="not_empty_tpcds_sf100tcl.call_center" time="0.009" />
    <testcase classname="data_parity" name="parquet_exists_tpcds_sf100tcl.catalog_page" time="0.0" />
    <testcase classname="data_parity" name="row_count_tpcds_sf100tcl.catalog_page" time="0.004" />
    <testcase classname="data_parity" name="columns_present_tpcds_sf100tcl.catalog_page" time="0.004" />
    <testcase classname="data_parity" name="not_empty_tpcds_sf100tcl.catalog_page" time="0.004" />
    <testcase classname="data_parity" name="parquet_exists_tpcds_sf100tcl.catalog_returns" time="0.001" />
    <testcase classname="data_parity" name="row_count_tpcds_sf100tcl.catalog_returns" time="0.018" />
    <testcase classname="data_parity" name="columns_present_tpcds_sf100tcl.catalog_returns" time="0.018" />
    <testcase classname="data_parity" name="not_empty_tpcds_sf100tcl.catalog_returns" time="0.0193" />
    <testcase classname="data_parity" name="parquet_exists_tpcds_sf100tcl.catalog_sales" time="0.0" />
    <testcase classname="data_parity" name="row_count_tpcds_sf100tcl.catalog_sales" time="0.024" />
    <testcase classname="data_parity" name="columns_present_tpcds_sf100tcl.catalog_sales" time="0.023" />
    <testcase classname="data_parity" name="not_empty_tpcds_sf100tcl.catalog_sales" time="0.025" />
    <testcase classname="data_parity" name="parquet_exists_tpcds_sf100tcl.customer" time="0.001" />
    <testcase classname="data_parity" name="row_count_tpcds_sf100tcl.customer" time="0.014" />
    <testcase classname="data_parity" name="columns_present_tpcds_sf100tcl.customer" time="0.0142" />
    <testcase classname="data_parity" name="not_empty_tpcds_sf100tcl.customer" time="0.014" />
    <testcase classname="data_parity" name="parquet_exists_tpcds_sf100tcl.customer_address" time="0.0" />
    <testcase classname="data_parity" name="row_count_tpcds_sf100tcl.customer_address" time="0.01" />
    <testcase classname="data_parity" name="columns_present_tpcds_sf100tcl.customer_address" time="0.01" />
    <testcase classname="data_parity" name="not_empty_tpcds_sf100tcl.customer_address" time="0.012" />
    <testcase classname="data_parity" name="parquet_exists_tpcds_sf100tcl.customer_demographics" time="0.0" />
    <testcase classname="data_parity" name="row_count_tpcds_sf100tcl.customer_demographics" time="0.007" />
    <testcase classname="data_parity" name="columns_present_tpcds_sf100tcl.customer_demographics" time="0.008" />
    <testcase classname="data_parity" name="not_empty_tpcds_sf100tcl.customer_demographics" time="0.007" />
    <testcase classname="data_parity" name="parquet_exists_tpcds_sf100tcl.date_dim" time="0.0" />
    <testcase classname="data_parity" name="row_count_tpcds_sf100tcl.date_dim" time="0.006" />
    <testcase classname="data_parity" name="columns_present_tpcds_sf100tcl.date_dim" time="0.006" />
    <testcase classname="data_parity" name="not_empty_tpcds_sf100tcl.date_dim" time="0.006" />
    <testcase classname="data_parity" name="parquet_exists_tpcds_sf100tcl.household_demographics" time="0.0" />
    <testcase classname="data_parity" name="row_count_tpcds_sf100tcl.household_demographics" time="0.0065" />
    <testcase classname="data_parity" name="columns_present_tpcds_sf100tcl.household_demographics" time="0.003" />
    <testcase classname="data_parity" name="not_empty_tpcds_sf100tcl.household_demographics" time="0.0033" />
    <testcase classname="data_parity" name="parquet_exists_tpcds_sf100tcl.income_band" time="0.0" />
    <testcase classname="data_parity" name="row_count_tpcds_sf100tcl.income_band" time="0.003" />
    <testcase classname="data_parity" name="columns_present_tpcds_sf100tcl.income_band" time="0.003" />
    <testcase classname="data_parity" name="not_empty_tpcds_sf100tcl.income_band" time="0.003" />
    <testcase classname="data_parity" name="parquet_exists_tpcds_sf100tcl.inventory" time="0.0" />
    <testcase classname="data_parity" name="row_count_tpcds_sf100tcl.inventory" time="0.004" />
    <testcase classname="data_parity" name="columns_present_tpcds_sf100tcl.inventory" time="0.005" />
    <testcase classname="data_parity" name="not_empty_tpcds_sf100tcl.inventory" time="0.005" />
    <testcase classname="data_parity" name="parquet_exists_tpcds_sf100tcl.item" time="0.0" />
    <testcase classname="data_parity" name="row_count_tpcds_sf100tcl.item" time="0.01" />
    <testcase classname="data_parity" name="columns_present_tpcds_sf100tcl.item" time="0.01" />
    <testcase classname="data_parity" name="not_empty_tpcds_sf100tcl.item" time="0.009" />
    <testcase classname="data_parity" name="parquet_exists_tpcds_sf100tcl.promotion" time="0.0" />
    <testcase classname="data_parity" name="row_count_tpcds_sf100tcl.promotion" time="0.005" />
    <testcase classname="data_parity" name="columns_present_tpcds_sf100tcl.promotion" time="0.005" />
    <testcase classname="data_parity" name="not_empty_tpcds_sf100tcl.promotion" time="0.005" />
    <testcase classname="data_parity" name="parquet_exists_tpcds_sf100tcl.reason" time="0.0" />
    <testcase classname="data_parity" name="row_count_tpcds_sf100tcl.reason" time="0.003" />
    <testcase classname="data_parity" name="columns_present_tpcds_sf100tcl.reason" time="0.003" />
    <testcase classname="data_parity" name="not_empty_tpcds_sf100tcl.reason" time="0.002" />
    <testcase classname="data_parity" name="parquet_exists_tpcds_sf100tcl.ship_mode" time="0.001" />
    <testcase classname="data_parity" name="row_count_tpcds_sf100tcl.ship_mode" time="0.003" />
    <testcase classname="data_parity" name="columns_present_tpcds_sf100tcl.ship_mode" time="0.003" />
    <testcase classname="data_parity" name="not_empty_tpcds_sf100tcl.ship_mode" time="0.004" />
    <testcase classname="data_parity" name="parquet_exists_tpcds_sf100tcl.store" time="0.0" />
    <testcase classname="data_parity" name="row_count_tpcds_sf100tcl.store" time="0.006" />
    <testcase classname="data_parity" name="columns_present_tpcds_sf100tcl.store" time="0.0063" />
    <testcase classname="data_parity" name="not_empty_tpcds_sf100tcl.store" time="0.007" />
    <testcase classname="data_parity" name="parquet_exists_tpcds_sf100tcl.store_returns" time="0.0" />
    <testcase classname="data_parity" name="row_count_tpcds_sf100tcl.store_returns" time="0.015" />
    <testcase classname="data_parity" name="columns_present_tpcds_sf100tcl.store_returns" time="0.016" />
    <testcase classname="data_parity" name="not_empty_tpcds_sf100tcl.store_returns" time="0.016" />
    <testcase classname="data_parity" name="parquet_exists_tpcds_sf100tcl.store_sales" time="0.0" />
    <testcase classname="data_parity" name="row_count_tpcds_sf100tcl.store_sales" time="0.016" />
    <testcase classname="data_parity" name="columns_present_tpcds_sf100tcl.store_sales" time="0.017" />
    <testcase classname="data_parity" name="not_empty_tpcds_sf100tcl.store_sales" time="0.0172" />
    <testcase classname="data_parity" name="parquet_exists_tpcds_sf100tcl.time_dim" time="0.0" />
    <testcase classname="data_parity" name="row_count_tpcds_sf100tcl.time_dim" time="0.005" />
    <testcase classname="data_parity" name="columns_present_tpcds_sf100tcl.time_dim" time="0.004" />
    <testcase classname="data_parity" name="not_empty_tpcds_sf100tcl.time_dim" time="0.004" />
    <testcase classname="data_parity" name="parquet_exists_tpcds_sf100tcl.warehouse" time="0.001" />
    <testcase classname="data_parity" name="row_count_tpcds_sf100tcl.warehouse" time="0.004" />
    <testcase classname="data_parity" name="columns_present_tpcds_sf100tcl.warehouse" time="0.005" />
    <testcase classname="data_parity" name="not_empty_tpcds_sf100tcl.warehouse" time="0.004" />
    <testcase classname="data_parity" name="parquet_exists_tpcds_sf100tcl.web_page" time="0.0" />
    <testcase classname="data_parity" name="row_count_tpcds_sf100tcl.web_page" time="0.004" />
    <testcase classname="data_parity" name="columns_present_tpcds_sf100tcl.web_page" time="0.005" />
    <testcase classname="data_parity" name="not_empty_tpcds_sf100tcl.web_page" time="0.005" />
    <testcase classname="data_parity" name="parquet_exists_tpcds_sf100tcl.web_returns" time="0.0" />
    <testcase classname="data_parity" name="row_count_tpcds_sf100tcl.web_returns" time="0.016" />
    <testcase classname="data_parity" name="columns_present_tpcds_sf100tcl.web_returns" time="0.017" />
    <testcase classname="data_parity" name="not_empty_tpcds_sf100tcl.web_returns" time="0.016" />
    <testcase classname="data_parity" name="parquet_exists_tpcds_sf100tcl.web_sales" time="0.0" />
    <testcase classname="data_parity" name="row_count_tpcds_sf100tcl.web_sales" time="0.0233" />
    <testcase classname="data_parity" name="columns_present_tpcds_sf100tcl.web_sales" time="0.025" />
    <testcase classname="data_parity" name="not_empty_tpcds_sf100tcl.web_sales" time="0.024" />
    <testcase classname="data_parity" name="parquet_exists_tpcds_sf100tcl.web_site" time="0.0" />
    <testcase classname="data_parity" name="row_count_tpcds_sf100tcl.web_site" time="0.007" />
    <testcase classname="data_parity" name="columns_present_tpcds_sf100tcl.web_site" time="0.006" />
    <testcase classname="data_parity" name="not_empty_tpcds_sf100tcl.web_site" time="0.006" />
    <testcase classname="data_parity" name="parquet_exists_tpcds_sf10tcl.call_center" time="0.0" />
    <testcase classname="data_parity" name="row_count_tpcds_sf10tcl.call_center" time="0.007" />
    <testcase classname="data_parity" name="columns_present_tpcds_sf10tcl.call_center" time="0.0063" />
    <testcase classname="data_parity" name="not_empty_tpcds_sf10tcl.call_center" time="0.008" />
    <testcase classname="data_parity" name="parquet_exists_tpcds_sf10tcl.catalog_page" time="0.0" />
    <testcase classname="data_parity" name="row_count_tpcds_sf10tcl.catalog_page" time="0.004" />
    <testcase classname="data_parity" name="columns_present_tpcds_sf10tcl.catalog_page" time="0.004" />
    <testcase classname="data_parity" name="not_empty_tpcds_sf10tcl.catalog_page" time="0.004" />
    <testcase classname="data_parity" name="parquet_exists_tpcds_sf10tcl.catalog_returns" time="0.0" />
    <testcase classname="data_parity" name="row_count_tpcds_sf10tcl.catalog_returns" time="0.019" />
    <testcase classname="data_parity" name="columns_present_tpcds_sf10tcl.catalog_returns" time="0.018" />
    <testcase classname="data_parity" name="not_empty_tpcds_sf10tcl.catalog_returns" time="0.019" />
    <testcase classname="data_parity" name="parquet_exists_tpcds_sf10tcl.catalog_sales" time="0.0" />
    <testcase classname="data_parity" name="row_count_tpcds_sf10tcl.catalog_sales" time="0.0236" />
    <testcase classname="data_parity" name="columns_present_tpcds_sf10tcl.catalog_sales" time="0.024" />
    <testcase classname="data_parity" name="not_empty_tpcds_sf10tcl.catalog_sales" time="0.024" />
    <testcase classname="data_parity" name="parquet_exists_tpcds_sf10tcl.customer" time="0.0" />
    <testcase classname="data_parity" name="row_count_tpcds_sf10tcl.customer" time="0.014" />
    <testcase classname="data_parity" name="columns_present_tpcds_sf10tcl.customer" time="0.013" />
    <testcase classname="data_parity" name="not_empty_tpcds_sf10tcl.customer" time="0.013" />
    <testcase classname="data_parity" name="parquet_exists_tpcds_sf10tcl.customer_address" time="0.0" />
    <testcase classname="data_parity" name="row_count_tpcds_sf10tcl.customer_address" time="0.0093" />
    <testcase classname="data_parity" name="columns_present_tpcds_sf10tcl.customer_address" time="0.01" />
    <testcase classname="data_parity" name="not_empty_tpcds_sf10tcl.customer_address" time="0.009" />
    <testcase classname="data_parity" name="parquet_exists_tpcds_sf10tcl.customer_demographics" time="0.0" />
    <testcase classname="data_parity" name="row_count_tpcds_sf10tcl.customer_demographics" time="0.008" />
    <testcase classname="data_parity" name="columns_present_tpcds_sf10tcl.customer_demographics" time="0.007" />
    <testcase classname="data_parity" name="not_empty_tpcds_sf10tcl.customer_demographics" time="0.007" />
    <testcase classname="data_parity" name="parquet_exists_tpcds_sf10tcl.date_dim" time="0.0" />
    <testcase classname="data_parity" name="row_count_tpcds_sf10tcl.date_dim" time="0.006" />
    <testcase classname="data_parity" name="columns_present_tpcds_sf10tcl.date_dim" time="0.006" />
    <testcase classname="data_parity" name="not_empty_tpcds_sf10tcl.date_dim" time="0.009" />
    <testcase classname="data_parity" name="parquet_exists_tpcds_sf10tcl.household_demographics" time="0.0" />
    <testcase classname="data_parity" name="row_count_tpcds_sf10tcl.household_demographics" time="0.003" />
    <testcase classname="data_parity" name="columns_present_tpcds_sf10tcl.household_demographics" time="0.003" />
    <testcase classname="data_parity" name="not_empty_tpcds_sf10tcl.household_demographics" time="0.003" />
    <testcase classname="data_parity" name="parquet_exists_tpcds_sf10tcl.income_band" time="0.0" />
    <testcase classname="data_parity" name="row_count_tpcds_sf10tcl.income_band" time="0.003" />
    <testcase classname="data_parity" name="columns_present_tpcds_sf10tcl.income_band" time="0.004" />
    <testcase classname="data_parity" name="not_empty_tpcds_sf10tcl.income_band" time="0.003" />
    <testcase classname="data_parity" name="parquet_exists_tpcds_sf10tcl.inventory" time="0.0" />
    <testcase classname="data_parity" name="row_count_tpcds_sf10tcl.inventory" time="0.005" />
    <testcase classname="data_parity" name="columns_present_tpcds_sf10tcl.inventory" time="0.005" />
    <testcase classname="data_parity" name="not_empty_tpcds_sf10tcl.inventory" time="0.005" />
    <testcase classname="data_parity" name="parquet_exists_tpcds_sf10tcl.item" time="0.0" />
    <testcase classname="data_parity" name="row_count_tpcds_sf10tcl.item" time="0.0092" />
    <testcase classname="data_parity" name="columns_present_tpcds_sf10tcl.item" time="0.009" />
    <testcase classname="data_parity" name="not_empty_tpcds_sf10tcl.item" time="0.011" />
    <testcase classname="data_parity" name="parquet_exists_tpcds_sf10tcl.promotion" time="0.0" />
    <testcase classname="data_parity" name="row_count_tpcds_sf10tcl.promotion" time="0.006" />
    <testcase classname="data_parity" name="columns_present_tpcds_sf10tcl.promotion" time="0.005" />
    <testcase classname="data_parity" name="not_empty_tpcds_sf10tcl.promotion" time="0.005" />
    <testcase classname="data_parity" name="parquet_exists_tpcds_sf10tcl.reason" time="0.0" />
    <testcase classname="data_parity" name="row_count_tpcds_sf10tcl.reason" time="0.003" />
    <testcase classname="data_parity" name="columns_present_tpcds_sf10tcl.reason" time="0.003" />
    <testcase classname="data_parity" name="not_empty_tpcds_sf10tcl.reason" time="0.004" />
    <testcase classname="data_parity" name="parquet_exists_tpcds_sf10tcl.ship_mode" time="0.0" />
    <testcase classname="data_parity" name="row_count_tpcds_sf10tcl.ship_mode" time="0.004" />
    <testcase classname="data_parity" name="columns_present_tpcds_sf10tcl.ship_mode" time="0.003" />
    <testcase classname="data_parity" name="not_empty_tpcds_sf10tcl.ship_mode" time="0.003" />
    <testcase classname="data_parity" name="parquet_exists_tpcds_sf10tcl.store" time="0.0" />
    <testcase classname="data_parity" name="row_count_tpcds_sf10tcl.store" time="0.006" />
    <testcase classname="data_parity" name="columns_present_tpcds_sf10tcl.store" time="0.006" />
    <testcase classname="data_parity" name="not_empty_tpcds_sf10tcl.store" time="0.006" />
    <testcase classname="data_parity" name="parquet_exists_tpcds_sf10tcl.store_returns" time="0.001" />
    <testcase classname="data_parity" name="row_count_tpcds_sf10tcl.store_returns" time="0.013" />
    <testcase classname="data_parity" name="columns_present_tpcds_sf10tcl.store_returns" time="0.0144" />
    <testcase classname="data_parity" name="not_empty_tpcds_sf10tcl.store_returns" time="0.014" />
    <testcase classname="data_parity" name="parquet_exists_tpcds_sf10tcl.store_sales" time="0.0" />
    <testcase classname="data_parity" name="row_count_tpcds_sf10tcl.store_sales" time="0.016" />
    <testcase classname="data_parity" name="columns_present_tpcds_sf10tcl.store_sales" time="0.016" />
    <testcase classname="data_parity" name="not_empty_tpcds_sf10tcl.store_sales" time="0.018" />
    <testcase classname="data_parity" name="parquet_exists_tpcds_sf10tcl.time_dim" time="0.0" />
    <testcase classname="data_parity" name="row_count_tpcds_sf10tcl.time_dim" time="0.005" />
    <testcase classname="data_parity" name="columns_present_tpcds_sf10tcl.time_dim" time="0.004" />
    <testcase classname="data_parity" name="not_empty_tpcds_sf10tcl.time_dim" time="0.004" />
    <testcase classname="data_parity" name="parquet_exists_tpcds_sf10tcl.warehouse" time="0.0" />
    <testcase classname="data_parity" name="row_count_tpcds_sf10tcl.warehouse" time="0.005" />
    <testcase classname="data_parity" name="columns_present_tpcds_sf10tcl.warehouse" time="0.004" />
    <testcase classname="data_parity" name="not_empty_tpcds_sf10tcl.warehouse" time="0.0052" />
    <testcase classname="data_parity" name="parquet_exists_tpcds_sf10tcl.web_page" time="0.0" />
    <testcase classname="data_parity" name="row_count_tpcds_sf10tcl.web_page" time="0.005" />
    <testcase classname="data_parity" name="columns_present_tpcds_sf10tcl.web_page" time="0.004" />
    <testcase classname="data_parity" name="not_empty_tpcds_sf10tcl.web_page" time="0.005" />
    <testcase classname="data_parity" name="parquet_exists_tpcds_sf10tcl.web_returns" time="0.0" />
    <testcase classname="data_parity" name="row_count_tpcds_sf10tcl.web_returns" time="0.017" />
    <testcase classname="data_parity" name="columns_present_tpcds_sf10tcl.web_returns" time="0.019" />
    <testcase classname="data_parity" name="not_empty_tpcds_sf10tcl.web_returns" time="0.018" />
    <testcase classname="data_parity" name="parquet_exists_tpcds_sf10tcl.web_sales" time="0.001" />
    <testcase classname="data_parity" name="row_count_tpcds_sf10tcl.web_sales" time="0.0247" />
    <testcase classname="data_parity" name="columns_present_tpcds_sf10tcl.web_sales" time="0.0244" />
    <testcase classname="data_parity" name="not_empty_tpcds_sf10tcl.web_sales" time="0.024" />
    <testcase classname="data_parity" name="parquet_exists_tpcds_sf10tcl.web_site" time="0.0" />
    <testcase classname="data_parity" name="row_count_tpcds_sf10tcl.web_site" time="0.006" />
    <testcase classname="data_parity" name="columns_present_tpcds_sf10tcl.web_site" time="0.007" />
    <testcase classname="data_parity" name="not_empty_tpcds_sf10tcl.web_site" time="0.006" />
    <testcase classname="data_parity" name="parquet_exists_tpch_sf1.customer" time="0.0" />
    <testcase classname="data_parity" name="row_count_tpch_sf1.customer" time="0.004" />
    <testcase classname="data_parity" name="columns_present_tpch_sf1.customer" time="0.004" />
    <testcase classname="data_parity" name="not_empty_tpch_sf1.customer" time="0.004" />
    <testcase classname="data_parity" name="parquet_exists_tpch_sf1.lineitem" time="0.001" />
    <testcase classname="data_parity" name="row_count_tpch_sf1.lineitem" time="0.01" />
    <testcase classname="data_parity" name="columns_present_tpch_sf1.lineitem" time="0.0123" />
    <testcase classname="data_parity" name="not_empty_tpch_sf1.lineitem" time="0.011" />
    <testcase classname="data_parity" name="parquet_exists_tpch_sf1.nation" time="0.0" />
    <testcase classname="data_parity" name="row_count_tpch_sf1.nation" time="0.004" />
    <testcase classname="data_parity" name="columns_present_tpch_sf1.nation" time="0.002" />
    <testcase classname="data_parity" name="not_empty_tpch_sf1.nation" time="0.004" />
    <testcase classname="data_parity" name="parquet_exists_tpch_sf1.orders" time="0.0" />
    <testcase classname="data_parity" name="row_count_tpch_sf1.orders" time="0.007" />
    <testcase classname="data_parity" name="columns_present_tpch_sf1.orders" time="0.008" />
    <testcase classname="data_parity" name="not_empty_tpch_sf1.orders" time="0.008" />
    <testcase classname="data_parity" name="parquet_exists_tpch_sf1.part" time="0.0" />
    <testcase classname="data_parity" name="row_count_tpch_sf1.part" time="0.006" />
    <testcase classname="data_parity" name="columns_present_tpch_sf1.part" time="0.004" />
    <testcase classname="data_parity" name="not_empty_tpch_sf1.part" time="0.004" />
    <testcase classname="data_parity" name="parquet_exists_tpch_sf1.partsupp" time="0.0" />
    <testcase classname="data_parity" name="row_count_tpch_sf1.partsupp" time="0.006" />
    <testcase classname="data_parity" name="columns_present_tpch_sf1.partsupp" time="0.006" />
    <testcase classname="data_parity" name="not_empty_tpch_sf1.partsupp" time="0.005" />
    <testcase classname="data_parity" name="parquet_exists_tpch_sf1.region" time="0.0" />
    <testcase classname="data_parity" name="row_count_tpch_sf1.region" time="0.003" />
    <testcase classname="data_parity" name="columns_present_tpch_sf1.region" time="0.003" />
    <testcase classname="data_parity" name="not_empty_tpch_sf1.region" time="0.003" />
    <testcase classname="data_parity" name="parquet_exists_tpch_sf1.supplier" time="0.0" />
    <testcase classname="data_parity" name="row_count_tpch_sf1.supplier" time="0.004" />
    <testcase classname="data_parity" name="columns_present_tpch_sf1.supplier" time="0.003" />
    <testcase classname="data_parity" name="not_empty_tpch_sf1.supplier" time="0.004" />
    <testcase classname="data_parity" name="parquet_exists_tpch_sf10.customer" time="0.001" />
    <testcase classname="data_parity" name="row_count_tpch_sf10.customer" time="0.0063" />
    <testcase classname="data_parity" name="columns_present_tpch_sf10.customer" time="0.008" />
    <testcase classname="data_parity" name="not_empty_tpch_sf10.customer" time="0.007" />
    <testcase classname="data_parity" name="parquet_exists_tpch_sf10.lineitem" time="0.0" />
    <testcase classname="data_parity" name="row_count_tpch_sf10.lineitem" time="0.012" />
    <testcase classname="data_parity" name="columns_present_tpch_sf10.lineitem" time="0.011" />
    <testcase classname="data_parity" name="not_empty_tpch_sf10.lineitem" time="0.011" />
    <testcase classname="data_parity" name="parquet_exists_tpch_sf10.nation" time="0.0" />
    <testcase classname="data_parity" name="row_count_tpch_sf10.nation" time="0.003" />
    <testcase classname="data_parity" name="columns_present_tpch_sf10.nation" time="0.004" />
    <testcase classname="data_parity" name="not_empty_tpch_sf10.nation" time="0.003" />
    <testcase classname="data_parity" name="parquet_exists_tpch_sf10.orders" time="0.0" />
    <testcase classname="data_parity" name="row_count_tpch_sf10.orders" time="0.008" />
    <testcase classname="data_parity" name="columns_present_tpch_sf10.orders" time="0.007" />
    <testcase classname="data_parity" name="not_empty_tpch_sf10.orders" time="0.007" />
    <testcase classname="data_parity" name="parquet_exists_tpch_sf10.part" time="0.0" />
    <testcase classname="data_parity" name="row_count_tpch_sf10.part" time="0.007" />
    <testcase classname="data_parity" name="columns_present_tpch_sf10.part" time="0.007" />
    <testcase classname="data_parity" name="not_empty_tpch_sf10.part" time="0.0073" />
    <testcase classname="data_parity" name="parquet_exists_tpch_sf10.partsupp" time="0.0" />
    <testcase classname="data_parity" name="row_count_tpch_sf10.partsupp" time="0.006" />
    <testcase classname="data_parity" name="columns_present_tpch_sf10.partsupp" time="0.005" />
    <testcase classname="data_parity" name="not_empty_tpch_sf10.partsupp" time="0.006" />
    <testcase classname="data_parity" name="parquet_exists_tpch_sf10.region" time="0.0" />
    <testcase classname="data_parity" name="row_count_tpch_sf10.region" time="0.003" />
    <testcase classname="data_parity" name="columns_present_tpch_sf10.region" time="0.004" />
    <testcase classname="data_parity" name="not_empty_tpch_sf10.region" time="0.003" />
    <testcase classname="data_parity" name="parquet_exists_tpch_sf10.supplier" time="0.001" />
    <testcase classname="data_parity" name="row_count_tpch_sf10.supplier" time="0.003" />
    <testcase classname="data_parity" name="columns_present_tpch_sf10.supplier" time="0.004" />
    <testcase classname="data_parity" name="not_empty_tpch_sf10.supplier" time="0.004" />
    <testcase classname="data_parity" name="parquet_exists_tpch_sf100.customer" time="0.0" />
    <testcase classname="data_parity" name="row_count_tpch_sf100.customer" time="0.008" />
    <testcase classname="data_parity" name="columns_present_tpch_sf100.customer" time="0.007" />
    <testcase classname="data_parity" name="not_empty_tpch_sf100.customer" time="0.007" />
    <testcase classname="data_parity" name="parquet_exists_tpch_sf100.lineitem" time="0.0" />
    <testcase classname="data_parity" name="row_count_tpch_sf100.lineitem" time="0.012" />
    <testcase classname="data_parity" name="columns_present_tpch_sf100.lineitem" time="0.012" />
    <testcase classname="data_parity" name="not_empty_tpch_sf100.lineitem" time="0.0114" />
    <testcase classname="data_parity" name="parquet_exists_tpch_sf100.nation" time="0.001" />
    <testcase classname="data_parity" name="row_count_tpch_sf100.nation" time="0.003" />
    <testcase classname="data_parity" name="columns_present_tpch_sf100.nation" time="0.003" />
    <testcase classname="data_parity" name="not_empty_tpch_sf100.nation" time="0.003" />
    <testcase classname="data_parity" name="parquet_exists_tpch_sf100.orders" time="0.0" />
    <testcase classname="data_parity" name="row_count_tpch_sf100.orders" time="0.008" />
    <testcase classname="data_parity" name="columns_present_tpch_sf100.orders" time="0.008" />
    <testcase classname="data_parity" name="not_empty_tpch_sf100.orders" time="0.007" />
    <testcase classname="data_parity" name="parquet_exists_tpch_sf100.part" time="0.001" />
    <testcase classname="data_parity" name="row_count_tpch_sf100.part" time="0.007" />
    <testcase classname="data_parity" name="columns_present_tpch_sf100.part" time="0.007" />
    <testcase classname="data_parity" name="not_empty_tpch_sf100.part" time="0.008" />
    <testcase classname="data_parity" name="parquet_exists_tpch_sf100.partsupp" time="0.0" />
    <testcase classname="data_parity" name="row_count_tpch_sf100.partsupp" time="0.005" />
    <testcase classname="data_parity" name="columns_present_tpch_sf100.partsupp" time="0.006" />
    <testcase classname="data_parity" name="not_empty_tpch_sf100.partsupp" time="0.006" />
    <testcase classname="data_parity" name="parquet_exists_tpch_sf100.region" time="0.0" />
    <testcase classname="data_parity" name="row_count_tpch_sf100.region" time="0.003" />
    <testcase classname="data_parity" name="columns_present_tpch_sf100.region" time="0.003" />
    <testcase classname="data_parity" name="not_empty_tpch_sf100.region" time="0.003" />
    <testcase classname="data_parity" name="parquet_exists_tpch_sf100.supplier" time="0.0" />
    <testcase classname="data_parity" name="row_count_tpch_sf100.supplier" time="0.007" />
    <testcase classname="data_parity" name="columns_present_tpch_sf100.supplier" time="0.007" />
    <testcase classname="data_parity" name="not_empty_tpch_sf100.supplier" time="0.0063" />
    <testcase classname="data_parity" name="parquet_exists_tpch_sf1000.customer" time="0.0" />
    <testcase classname="data_parity" name="row_count_tpch_sf1000.customer" time="0.007" />
    <testcase classname="data_parity" name="columns_present_tpch_sf1000.customer" time="0.007" />
    <testcase classname="data_parity" name="not_empty_tpch_sf1000.customer" time="0.01" />
    <testcase classname="data_parity" name="parquet_exists_tpch_sf1000.lineitem" time="0.0" />
    <testcase classname="data_parity" name="row_count_tpch_sf1000.lineitem" time="0.011" />
    <testcase classname="data_parity" name="columns_present_tpch_sf1000.lineitem" time="0.011" />
    <testcase classname="data_parity" name="not_empty_tpch_sf1000.lineitem" time="0.012" />
    <testcase classname="data_parity" name="parquet_exists_tpch_sf1000.nation" time="0.001" />
    <testcase classname="data_parity" name="row_count_tpch_sf1000.nation" time="0.003" />
    <testcase classname="data_parity" name="columns_present_tpch_sf1000.nation" time="0.003" />
    <testcase classname="data_parity" name="not_empty_tpch_sf1000.nation" time="0.003" />
    <testcase classname="data_parity" name="parquet_exists_tpch_sf1000.orders" time="0.0" />
    <testcase classname="data_parity" name="row_count_tpch_sf1000.orders" time="0.008" />
    <testcase classname="data_parity" name="columns_present_tpch_sf1000.orders" time="0.007" />
    <testcase classname="data_parity" name="not_empty_tpch_sf1000.orders" time="0.007" />
    <testcase classname="data_parity" name="parquet_exists_tpch_sf1000.part" time="0.0" />
    <testcase classname="data_parity" name="row_count_tpch_sf1000.part" time="0.0072" />
    <testcase classname="data_parity" name="columns_present_tpch_sf1000.part" time="0.008" />
    <testcase classname="data_parity" name="not_empty_tpch_sf1000.part" time="0.007" />
    <testcase classname="data_parity" name="parquet_exists_tpch_sf1000.partsupp" time="0.001" />
    <testcase classname="data_parity" name="row_count_tpch_sf1000.partsupp" time="0.005" />
    <testcase classname="data_parity" name="columns_present_tpch_sf1000.partsupp" time="0.006" />
    <testcase classname="data_parity" name="not_empty_tpch_sf1000.partsupp" time="0.006" />
    <testcase classname="data_parity" name="parquet_exists_tpch_sf1000.region" time="0.0" />
    <testcase classname="data_parity" name="row_count_tpch_sf1000.region" time="0.003" />
    <testcase classname="data_parity" name="columns_present_tpch_sf1000.region" time="0.003" />
    <testcase classname="data_parity" name="not_empty_tpch_sf1000.region" time="0.003" />
    <testcase classname="data_parity" name="parquet_exists_tpch_sf1000.supplier" time="0.0" />
    <testcase classname="data_parity" name="row_count_tpch_sf1000.supplier" time="0.007" />
    <testcase classname="data_parity" name="columns_present_tpch_sf1000.supplier" time="0.006" />
    <testcase classname="data_parity" name="not_empty_tpch_sf1000.supplier" time="0.007" />
  </testsuite>
  <testsuite name="edge_cases" tests="13" failures="0" time="0.007">
    <testcase classname="edge_cases" name="empty_sql" time="0.0" />
    <testcase classname="edge_cases" name="comments_only" time="0.001" />
    <testcase classname="edge_cases" name="type_alias_FLOAT4" time="0.0" />
    <testcase classname="edge_cases" name="type_alias_FLOAT8" time="0.0" />
    <testcase classname="edge_cases" name="type_alias_INT2" time="0.0" />
    <testcase classname="edge_cases" name="type_alias_INT4" time="0.001" />
    <testcase classname="edge_cases" name="type_alias_INT8" time="0.0" />
    <testcase classname="edge_cases" name="type_alias_BPCHAR" time="0.0" />
    <testcase classname="edge_cases" name="type_alias_TIMESTAMPTZ" time="0.0" />
    <testcase classname="edge_cases" name="varchar_variant_to_string" time="0.0" />
    <testcase classname="edge_cases" name="multiple_rules_combined" time="0.001" />
    <testcase classname="edge_cases" name="long_sql_200_columns" time="0.004" />
    <testcase classname="edge_cases" name="difficulty_bounded" time="0.0" />
  </testsuite>
  <testsuite name="manual_flags" tests="15" failures="0" time="0.004">
    <testcase classname="manual_flags" name="detects_stored_procedure" time="0.001" />
    <testcase classname="manual_flags" name="detects_plpgsql_function" time="0.0" />
    <testcase classname="manual_flags" name="detects_cursor_usage" time="0.0" />
    <testcase classname="manual_flags" name="detects_raise_statement" time="0.0" />
    <testcase classname="manual_flags" name="detects_for_loop" time="0.001" />
    <testcase classname="manual_flags" name="detects_loop_construct" time="0.0" />
    <testcase classname="manual_flags" name="detects_if_then" time="0.0" />
    <testcase classname="manual_flags" name="detects_dynamic_sql" time="0.0" />
    <testcase classname="manual_flags" name="detects_copy_command" time="0.001" />
    <testcase classname="manual_flags" name="detects_unload_command" time="0.0" />
    <testcase classname="manual_flags" name="detects_external_schema" time="0.0" />
    <testcase classname="manual_flags" name="detects_create_library" time="0.001" />
    <testcase classname="manual_flags" name="no_false_positive_clean_sql" time="0.0" />
    <testcase classname="manual_flags" name="all_procs_manual_in_report" time="0.0" />
    <testcase classname="manual_flags" name="guidance_in_manual_items" time="0.0" />
  </testsuite>
</testsuites>